.====================================================================.
                                                                      
 .d8888b.   .o8888b.   db  .d8888b.  d8888b. d88888b d8888b.  .d888b. 
.8P    Y8. d8P    Y8   88 .8P    Y8. 88  `8D 88'     88  `8D .8P , Y8.
88      88 8P      oooo88 88      88 88oooY' 88oooo  88oobY' 88  |  88
88      88 8b      ~~~~88 88      88 88~~~b. 88~~~~  88`8b   88  |/ 88
`8b    d8' Y8b    d8   88 `8b    d8' 88   8D 88.     88 `88. `8b | d8'
 `Y8888P'   `Y8888P'   YP  `Y8888P'  Y8888P' Y88888P 88   YD  `Y888P' 
                                                                      
`========================== INSTALLATION LOG ========================'

[2015/04/20 04:11:03] Host: Darwin Andys-MBP 14.3.0 Darwin Kernel Version 14.3.0: Mon Mar 23 11:59:05 PDT 2015; root:xnu-2782.20.48~5/RELEASE_X86_64 x86_64
[2015/04/20 04:11:03] PHP version: 5.5.10
[2015/04/20 04:11:03] Server software: Apache/2.2.26 (Unix) mod_fastcgi/2.4.6 mod_wsgi/3.4 Python/2.7.6 PHP/5.5.10 mod_ssl/2.2.26 OpenSSL/0.9.8zd DAV/2 mod_perl/2.0.8 Perl/v5.18.2
[2015/04/20 04:11:03] Operating system: Darwin
[2015/04/20 04:11:03] Memory limit: 128M
[2015/04/20 04:11:03] Max execution time: 3600
.============================ POST REQUEST ==========================.
[2015/04/20 04:11:03] Postback payload: Array
(
    [code] => phpVersion
    [handler] => onCheckRequirement
)

[2015/04/20 04:11:03] System check: phpVersion
[2015/04/20 04:11:03] Requirement phpVersion +OK
[2015/04/20 04:11:03] Execute handler (onCheckRequirement): Array
(
    [result] => 1
)

.============================ POST REQUEST ==========================.
[2015/04/20 04:11:04] Postback payload: Array
(
    [code] => curlLibrary
    [handler] => onCheckRequirement
)

[2015/04/20 04:11:04] System check: curlLibrary
[2015/04/20 04:11:04] Requirement curlLibrary +OK
[2015/04/20 04:11:04] Execute handler (onCheckRequirement): Array
(
    [result] => 1
)

.============================ POST REQUEST ==========================.
[2015/04/20 04:11:04] Postback payload: Array
(
    [code] => liveConnection
    [handler] => onCheckRequirement
)

[2015/04/20 04:11:04] System check: liveConnection
[2015/04/20 04:11:05] Server request: ping
[2015/04/20 04:11:05] Request information: Array
(
    [url] => http://octobercms.com/api/ping
    [content_type] => application/json
    [http_code] => 200
    [header_size] => 579
    [request_size] => 171
    [filetime] => -1
    [ssl_verify_result] => 0
    [redirect_count] => 0
    [total_time] => 0.681509
    [namelookup_time] => 0.039738
    [connect_time] => 0.372697
    [pretransfer_time] => 0.374158
    [size_upload] => 40
    [size_download] => 14
    [speed_download] => 20
    [speed_upload] => 58
    [download_content_length] => 14
    [upload_content_length] => 40
    [starttransfer_time] => 0.680069
    [redirect_time] => 0
    [redirect_url] => 
    [primary_ip] => 50.116.3.170
    [certinfo] => Array
        (
        )

    [primary_port] => 80
    [local_ip] => 192.168.1.2
    [local_port] => 50066
)

[2015/04/20 04:11:05] Requirement liveConnection +OK
[2015/04/20 04:11:05] Execute handler (onCheckRequirement): Array
(
    [result] => 1
)

.============================ POST REQUEST ==========================.
[2015/04/20 04:11:06] Postback payload: Array
(
    [code] => writePermission
    [handler] => onCheckRequirement
)

[2015/04/20 04:11:06] System check: writePermission
[2015/04/20 04:11:06] Requirement writePermission +OK
[2015/04/20 04:11:06] Execute handler (onCheckRequirement): Array
(
    [result] => 1
)

.============================ POST REQUEST ==========================.
[2015/04/20 04:11:06] Postback payload: Array
(
    [code] => pdoLibrary
    [handler] => onCheckRequirement
)

[2015/04/20 04:11:06] System check: pdoLibrary
[2015/04/20 04:11:06] Requirement pdoLibrary +OK
[2015/04/20 04:11:06] Execute handler (onCheckRequirement): Array
(
    [result] => 1
)

.============================ POST REQUEST ==========================.
[2015/04/20 04:11:07] Postback payload: Array
(
    [code] => mcryptLibrary
    [handler] => onCheckRequirement
)

[2015/04/20 04:11:07] System check: mcryptLibrary
[2015/04/20 04:11:07] Requirement mcryptLibrary +OK
[2015/04/20 04:11:07] Execute handler (onCheckRequirement): Array
(
    [result] => 1
)

.============================ POST REQUEST ==========================.
[2015/04/20 04:11:07] Postback payload: Array
(
    [code] => mbstringLibrary
    [handler] => onCheckRequirement
)

[2015/04/20 04:11:07] System check: mbstringLibrary
[2015/04/20 04:11:07] Requirement mbstringLibrary +OK
[2015/04/20 04:11:07] Execute handler (onCheckRequirement): Array
(
    [result] => 1
)

.============================ POST REQUEST ==========================.
[2015/04/20 04:11:08] Postback payload: Array
(
    [code] => sslLibrary
    [handler] => onCheckRequirement
)

[2015/04/20 04:11:08] System check: sslLibrary
[2015/04/20 04:11:08] Requirement sslLibrary +OK
[2015/04/20 04:11:08] Execute handler (onCheckRequirement): Array
(
    [result] => 1
)

.============================ POST REQUEST ==========================.
[2015/04/20 04:11:08] Postback payload: Array
(
    [code] => zipLibrary
    [handler] => onCheckRequirement
)

[2015/04/20 04:11:08] System check: zipLibrary
[2015/04/20 04:11:08] Requirement zipLibrary +OK
[2015/04/20 04:11:08] Execute handler (onCheckRequirement): Array
(
    [result] => 1
)

.============================ POST REQUEST ==========================.
[2015/04/20 04:11:09] Postback payload: Array
(
    [code] => gdLibrary
    [handler] => onCheckRequirement
)

[2015/04/20 04:11:09] System check: gdLibrary
[2015/04/20 04:11:09] Requirement gdLibrary +OK
[2015/04/20 04:11:09] Execute handler (onCheckRequirement): Array
(
    [result] => 1
)

.============================ POST REQUEST ==========================.
[2015/04/20 04:12:26] Postback payload: Array
(
    [db_type] => mysql
    [db_host] => localhost
    [db_port] => 
    [db_name] => atan_mark1
    [db_user] => root
    [db_pass] => *******
    [admin_first_name] => Andy
    [admin_last_name] => Tan
    [admin_email] => *******@*****.com
    [admin_login] => andy.tan2624
    [admin_password] => *******
    [admin_confirm_password] => *******
    [backend_uri] => /admin
    [encryption_code] => *******
    [file_mask] => 777
    [folder_mask] => 777
    [handler] => onValidateDatabase
)

.============================ POST REQUEST ==========================.
[2015/04/20 04:12:26] Postback payload: Array
(
    [db_type] => mysql
    [db_host] => localhost
    [db_port] => 
    [db_name] => atan_mark1
    [db_user] => root
    [db_pass] => *******
    [admin_first_name] => Andy
    [admin_last_name] => Tan
    [admin_email] => *******@*****.com
    [admin_login] => andy.tan2624
    [admin_password] => *******
    [admin_confirm_password] => *******
    [backend_uri] => /admin
    [encryption_code] => *******
    [file_mask] => 777
    [folder_mask] => 777
    [handler] => onValidateAdminAccount
)

.============================ POST REQUEST ==========================.
[2015/04/20 04:12:26] Postback payload: Array
(
    [db_type] => mysql
    [db_host] => localhost
    [db_port] => 
    [db_name] => atan_mark1
    [db_user] => root
    [db_pass] => *******
    [admin_first_name] => Andy
    [admin_last_name] => Tan
    [admin_email] => *******@*****.com
    [admin_login] => andy.tan2624
    [admin_password] => *******
    [admin_confirm_password] => *******
    [backend_uri] => /admin
    [encryption_code] => *******
    [file_mask] => 777
    [folder_mask] => 777
    [handler] => onValidateAdvancedConfig
)

.============================ POST REQUEST ==========================.
[2015/04/20 04:12:30] Postback payload: Array
(
    [step] => getMetaData
    [meta] => 
    [handler] => onInstallStep
)

[2015/04/20 04:12:30] Install step: getMetaData
[2015/04/20 04:12:31] Server request: core/install
[2015/04/20 04:12:31] Request information: Array
(
    [url] => http://octobercms.com/api/core/install
    [content_type] => application/json
    [http_code] => 200
    [header_size] => 580
    [request_size] => 179
    [filetime] => -1
    [ssl_verify_result] => 0
    [redirect_count] => 0
    [total_time] => 0.587786
    [namelookup_time] => 0.000864
    [connect_time] => 0.250666
    [pretransfer_time] => 0.250749
    [size_upload] => 40
    [size_download] => 134
    [speed_download] => 227
    [speed_upload] => 68
    [download_content_length] => 134
    [upload_content_length] => 40
    [starttransfer_time] => 0.587712
    [redirect_time] => 0
    [redirect_url] => 
    [primary_ip] => 50.116.3.170
    [certinfo] => Array
        (
        )

    [primary_port] => 80
    [local_ip] => 192.168.1.2
    [local_port] => 50078
)

[2015/04/20 04:12:31] Step getMetaData +OK
[2015/04/20 04:12:31] Execute handler (onInstallStep): Array
(
    [result] => Array
        (
            [core] => Array
                (
                    [hash] => 3b84b851e0d58f09c763a071d35b03c3
                    [build] => 244
                    [uhash] => 560cffc1aac59ae8f53ea257742922f6
                )

            [plugins] => Array
                (
                )

            [themes] => Array
                (
                )

        )

)

.============================ POST REQUEST ==========================.
[2015/04/20 04:12:31] Postback payload: Array
(
    [step] => downloadCore
    [meta] => Array
        (
            [core] => Array
                (
                    [hash] => 3b84b851e0d58f09c763a071d35b03c3
                    [build] => 244
                    [uhash] => 560cffc1aac59ae8f53ea257742922f6
                )

        )

    [handler] => onInstallStep
)

[2015/04/20 04:12:31] Install step: downloadCore
[2015/04/20 04:13:43] Saving to file (core): /Applications/MAMP/htdocs/atan/install_files/temp/a74ad8dfacd4f985eb3977517615ce25.arc
[2015/04/20 04:13:43] Step downloadCore +OK
[2015/04/20 04:13:43] Execute handler (onInstallStep): Array
(
    [result] => 
)

.============================ POST REQUEST ==========================.
[2015/04/20 04:13:43] Postback payload: Array
(
    [step] => extractCore
    [meta] => Array
        (
            [core] => Array
                (
                    [hash] => 3b84b851e0d58f09c763a071d35b03c3
                    [build] => 244
                    [uhash] => 560cffc1aac59ae8f53ea257742922f6
                )

        )

    [handler] => onInstallStep
)

[2015/04/20 04:13:43] Install step: extractCore
[2015/04/20 04:13:43] Extracting file (core): a74ad8dfacd4f985eb3977517615ce25.arc
[2015/04/20 04:13:46] Step extractCore +OK
[2015/04/20 04:13:46] Execute handler (onInstallStep): Array
(
    [result] => 1
)

.============================ POST REQUEST ==========================.
[2015/04/20 04:13:46] Postback payload: Array
(
    [step] => setupConfig
    [meta] => Array
        (
            [core] => Array
                (
                    [hash] => 3b84b851e0d58f09c763a071d35b03c3
                    [build] => 244
                    [uhash] => 560cffc1aac59ae8f53ea257742922f6
                )

        )

    [db_type] => mysql
    [db_host] => localhost
    [db_port] => 
    [db_name] => atan_mark1
    [db_user] => root
    [db_pass] => *******
    [admin_first_name] => Andy
    [admin_last_name] => Tan
    [admin_email] => *******@*****.com
    [admin_login] => andy.tan2624
    [admin_password] => *******
    [admin_confirm_password] => *******
    [backend_uri] => /admin
    [encryption_code] => *******
    [file_mask] => 777
    [folder_mask] => 777
    [handler] => onInstallStep
)

[2015/04/20 04:13:46] Install step: setupConfig
[2015/04/20 02:13:46] Step setupConfig +OK
[2015/04/20 02:13:46] Execute handler (onInstallStep): Array
(
    [result] => 
)

.============================ POST REQUEST ==========================.
[2015/04/20 04:13:47] Postback payload: Array
(
    [step] => createAdmin
    [meta] => Array
        (
            [core] => Array
                (
                    [hash] => 3b84b851e0d58f09c763a071d35b03c3
                    [build] => 244
                    [uhash] => 560cffc1aac59ae8f53ea257742922f6
                )

        )

    [db_type] => mysql
    [db_host] => localhost
    [db_port] => 
    [db_name] => atan_mark1
    [db_user] => root
    [db_pass] => *******
    [admin_first_name] => Andy
    [admin_last_name] => Tan
    [admin_email] => *******@*****.com
    [admin_login] => andy.tan2624
    [admin_password] => *******
    [admin_confirm_password] => *******
    [backend_uri] => /admin
    [encryption_code] => *******
    [file_mask] => 777
    [folder_mask] => 777
    [handler] => onInstallStep
)

[2015/04/20 04:13:47] Install step: createAdmin
[2015/04/20 02:13:48] Step createAdmin +OK
[2015/04/20 02:13:48] Execute handler (onInstallStep): Array
(
    [result] => 
)

.============================ POST REQUEST ==========================.
[2015/04/20 04:13:48] Postback payload: Array
(
    [disableLog] => 1
)

[2015/04/20 04:13:48] Install step: setupProject
[2015/04/20 04:13:48] Step setupProject +OK
[2015/04/20 04:13:48] Execute handler (onInstallStep): Array
(
    [result] => 
)

.============================ POST REQUEST ==========================.
[2015/04/20 04:13:49] Postback payload: Array
(
    [step] => finishInstall
    [meta] => Array
        (
            [core] => Array
                (
                    [hash] => 3b84b851e0d58f09c763a071d35b03c3
                    [build] => 244
                    [uhash] => 560cffc1aac59ae8f53ea257742922f6
                )

        )

    [hash] => 3b84b851e0d58f09c763a071d35b03c3
    [build] => 244
    [uhash] => 560cffc1aac59ae8f53ea257742922f6
    [handler] => onInstallStep
)

[2015/04/20 04:13:49] Install step: finishInstall
[2015/04/20 02:13:49] Cleaning up file: a74ad8dfacd4f985eb3977517615ce25.arc
[2015/04/20 02:13:49] Step finishInstall +OK
[2015/04/20 02:13:49] Execute handler (onInstallStep): Array
(
    [result] => 
)

